<?xml version="1.0" encoding="UTF-8"?>
<!-- Generated by org.testng.reporters.JUnitReportReporter -->
<testsuite hostname="MacBook-Pro.local" failures="0" tests="4" name="rest.Test1" time="1.677" errors="0" timestamp="2024-11-10T17:23:42 EST" skipped="0">
  <testcase classname="rest.Test1" name="getUser" time="0.846"/>
  <testcase classname="rest.Test1" name="createUser" time="0.340"/>
  <testcase classname="rest.Test1" name="updateUser" time="0.245"/>
  <testcase classname="rest.Test1" name="deleteUser" time="0.246"/>
</testsuite> <!-- rest.Test1 -->
